<?xml version="1.0" encoding="UTF-8"?>
<!-- Generated by org.testng.reporters.JUnitReportReporter -->
<testsuite hostname="Danish" failures="0" tests="1" name="tests.TrelloAutomationTest" time="43.047" errors="0" timestamp="2025-08-01T23:12:07 IST" skipped="0">
  <testcase classname="tests.TrelloAutomationTest" name="completeTrelloWorkflow" time="43.047"/>
</testsuite> <!-- tests.TrelloAutomationTest -->
